current directory: /Users/aidan/Projects/honr297-presentation/.bundle/gems/puma-3.4.0/ext/puma_http11
/Users/aidan/.rbenv/versions/2.2.2/bin/ruby -r ./siteconf20160428-53631-2b2n3i.rb extconf.rb --with-cppflags=-I/usr/local/opt/openssl/include --with-ldflags=-L/usr/local/opt/openssl/lib
checking for BIO_read() in -lcrypto... yes
checking for SSL_CTX_new() in -lssl... yes
checking for openssl/bio.h... yes
creating Makefile

To see why this extension failed to compile, please check the mkmf.log which can be found here:

  /Users/aidan/Projects/honr297-presentation/.bundle/extensions/x86_64-darwin-14/2.2.0-static/puma-3.4.0/mkmf.log

current directory: /Users/aidan/Projects/honr297-presentation/.bundle/gems/puma-3.4.0/ext/puma_http11
make "DESTDIR=" clean

current directory: /Users/aidan/Projects/honr297-presentation/.bundle/gems/puma-3.4.0/ext/puma_http11
make "DESTDIR="
compiling http11_parser.c
compiling io_buffer.c
compiling mini_ssl.c
compiling puma_http11.c
linking shared-object puma/puma_http11.bundle

current directory: /Users/aidan/Projects/honr297-presentation/.bundle/gems/puma-3.4.0/ext/puma_http11
make "DESTDIR=" install
/usr/bin/install -c -m 0755 puma_http11.bundle ./.gem.20160428-53631-v0xuf8/puma
